[TerminalIPythonApp] WARNING | Subcommand `ipython notebook` is deprecated and will be removed in future versions.
[TerminalIPythonApp] WARNING | You likely want to use `jupyter notebook`... continue in 5 sec. Press Ctrl-C to quit now.
[I 06:08:50.324 NotebookApp] The port 8888 is already in use, trying another random port.
[I 06:08:50.330 NotebookApp] Serving notebooks from local directory: /home/behnam/relation_extraction/re_behnam
[I 06:08:50.330 NotebookApp] 0 active kernels 
[I 06:08:50.330 NotebookApp] The Jupyter Notebook is running at: http://localhost:8889/
[I 06:08:50.330 NotebookApp] Use Control-C to stop this server and shut down all kernels (twice to skip confirmation).
[W 06:08:50.331 NotebookApp] No web browser found: could not locate runnable browser.
[TerminalIPythonApp] WARNING | Subcommand `ipython notebook` is deprecated and will be removed in future versions.
[TerminalIPythonApp] WARNING | You likely want to use `jupyter notebook`... continue in 5 sec. Press Ctrl-C to quit now.
[W 06:37:12.192 NotebookApp] 
            `--script` is deprecated. You can trigger nbconvert via pre- or post-save hooks:
    
                ContentsManager.pre_save_hook
                FileContentsManager.post_save_hook
    
            A post-save hook has been registered that calls:
    
                ipython nbconvert --to script [notebook]
    
            which behaves similarly to `--script`.
            
[I 06:37:12.231 NotebookApp] Serving notebooks from local directory: /home/behnam/relation_extraction/re_behnam
[I 06:37:12.231 NotebookApp] 0 active kernels 
[I 06:37:12.231 NotebookApp] The Jupyter Notebook is running at: http://localhost:8888/
[I 06:37:12.231 NotebookApp] Use Control-C to stop this server and shut down all kernels (twice to skip confirmation).
[W 06:37:12.232 NotebookApp] No web browser found: could not locate runnable browser.
[W 06:37:19.917 NotebookApp] Session not found: session_id=u'2d4f168a-e02c-4497-825c-c0e293866c43'
[W 06:37:19.917 NotebookApp] 404 DELETE /api/sessions/2d4f168a-e02c-4497-825c-c0e293866c43 (::1) 34.35ms referer=http://localhost:1234/notebooks/relEx_parse_tree.ipynb
[I 06:37:19.962 NotebookApp] Kernel started: 3cac16dd-287b-4185-a3d4-d3533239b0ac
[W 06:37:22.387 NotebookApp] Session not found: session_id=u'cc71b53a-99ec-41ee-b25f-dbdab318bdf1'
[W 06:37:22.387 NotebookApp] 404 DELETE /api/sessions/cc71b53a-99ec-41ee-b25f-dbdab318bdf1 (::1) 1.47ms referer=http://localhost:1234/notebooks/main_functions.ipynb
[I 06:37:22.420 NotebookApp] Kernel started: 12f23c5a-2a80-4805-9c8f-ddf5d490a55c
[W 06:37:24.536 NotebookApp] Session not found: session_id=u'a5aceee9-774d-4e32-92d7-ab49eb392ee5'
[W 06:37:24.537 NotebookApp] 404 DELETE /api/sessions/a5aceee9-774d-4e32-92d7-ab49eb392ee5 (::1) 1.36ms referer=http://localhost:1234/notebooks/utility_functions.ipynb
[I 06:37:24.561 NotebookApp] Kernel started: e0ca87bb-cd52-4271-970e-846159bc8802
[W 06:37:26.331 NotebookApp] Session not found: session_id=u'5c5ccb50-9367-4df5-af87-0511a6e9adbc'
[W 06:37:26.332 NotebookApp] 404 DELETE /api/sessions/5c5ccb50-9367-4df5-af87-0511a6e9adbc (::1) 1.41ms referer=http://localhost:1234/notebooks/parameters.ipynb
[I 06:37:26.366 NotebookApp] Kernel started: f9810d69-9106-4dca-b8ab-ef31a735b2eb
[I 06:41:01.467 NotebookApp] Saving file at /relEx_parse_tree.ipynb
[W 06:41:01.471 NotebookApp] Saving untrusted notebook relEx_parse_tree.ipynb
[I 06:41:02.833 NotebookApp] Saving script /relEx_parse_tree.py
[I 06:46:33.311 NotebookApp] Saving file at /relEx_parse_tree.ipynb
[W 06:46:33.312 NotebookApp] Saving untrusted notebook relEx_parse_tree.ipynb
[I 06:46:34.263 NotebookApp] Saving script /relEx_parse_tree.py
[I 06:46:36.512 NotebookApp] Saving file at /utility_functions.ipynb
[I 06:46:36.730 NotebookApp] Saving script /utility_functions.py
[I 06:47:39.119 NotebookApp] Saving file at /relEx_parse_tree.ipynb
[W 06:47:39.119 NotebookApp] Saving untrusted notebook relEx_parse_tree.ipynb
[I 06:47:40.066 NotebookApp] Saving script /relEx_parse_tree.py
[I 06:50:59.345 NotebookApp] Saving file at /relEx_parse_tree.ipynb
[W 06:50:59.345 NotebookApp] Saving untrusted notebook relEx_parse_tree.ipynb
[I 06:51:00.320 NotebookApp] Saving script /relEx_parse_tree.py
[I 07:01:21.720 NotebookApp] Saving file at /parameters.ipynb
[I 07:01:21.740 NotebookApp] Saving script /parameters.py
[I 07:01:34.953 NotebookApp] Kernel interrupted: 3cac16dd-287b-4185-a3d4-d3533239b0ac
WARNING: skipping a char (√)
WARNING: skipping a char (¢)
WARNING: skipping a char (¬)
WARNING: skipping a char (Ä)
WARNING: skipping a char (¬)
WARNING: skipping a char (¶)
WARNING: skipping a char (√)
WARNING: skipping a char (Ç)
[I 07:02:01.737 NotebookApp] Kernel interrupted: 3cac16dd-287b-4185-a3d4-d3533239b0ac
WARNING: skipping a char (√)
WARNING: skipping a char (¢)
WARNING: skipping a char (¬)
WARNING: skipping a char (Ä)
WARNING: skipping a char (¬)
WARNING: skipping a char (ú)
WARNING: skipping a char (√)
WARNING: skipping a char (¢)
WARNING: skipping a char (¬)
WARNING: skipping a char (Ä)
WARNING: skipping a char (¬)
WARNING: skipping a char (¶)
WARNING: skipping a char (√)
WARNING: skipping a char (¢)
WARNING: skipping a char (¬)
WARNING: skipping a char (Ä)
WARNING: skipping a char (¬)
WARNING: skipping a char (ù)
WARNING: skipping a char (√)
WARNING: skipping a char (¢)
WARNING: skipping a char (¬)
WARNING: skipping a char (Ä)
WARNING: skipping a char (¬)
WARNING: skipping a char (ì)
WARNING: skipping a char (√)
WARNING: skipping a char (¢)
WARNING: skipping a char (¬)
WARNING: skipping a char (Ä)
WARNING: skipping a char (¬)
WARNING: skipping a char (ì)
WARNING: skipping a char (√)
WARNING: skipping a char (¢)
WARNING: skipping a char (¬)
WARNING: skipping a char (Ä)
WARNING: skipping a char (¬)
WARNING: skipping a char (¶)
WARNING: skipping a char (√)
WARNING: skipping a char (Ç)
WARNING: skipping a char (√)
WARNING: skipping a char (¢)
WARNING: skipping a char (¬)
WARNING: skipping a char (Ä)
WARNING: skipping a char (¬)
WARNING: skipping a char (ô)
WARNING: skipping a char (√)
WARNING: skipping a char (¢)
WARNING: skipping a char (¬)
WARNING: skipping a char (Ä)
WARNING: skipping a char (¬)
WARNING: skipping a char (ú)
WARNING: skipping a char (√)
WARNING: skipping a char (¢)
WARNING: skipping a char (¬)
WARNING: skipping a char (Ä)
WARNING: skipping a char (¬)
WARNING: skipping a char (ù)
WARNING: skipping a char (√)
WARNING: skipping a char (¢)
WARNING: skipping a char (¬)
WARNING: skipping a char (Ä)
WARNING: skipping a char (¬)
WARNING: skipping a char (ú)
WARNING: skipping a char (√)
WARNING: skipping a char (¢)
WARNING: skipping a char (¬)
WARNING: skipping a char (Ä)
WARNING: skipping a char (¬)
WARNING: skipping a char (ù)
WARNING: skipping a char (√)
WARNING: skipping a char (Ç)
WARNING: skipping a char (√)
WARNING: skipping a char (Ç)
WARNING: skipping a char (√)
WARNING: skipping a char (Ç)
WARNING: skipping a char (√)
WARNING: skipping a char (Ç)
WARNING: skipping a char (√)
WARNING: skipping a char (Ç)
[W 07:04:20.453 NotebookApp] WebSocket ping timeout after 118946 ms.
[E 07:04:20.614 NotebookApp] Uncaught exception GET /api/kernels/3cac16dd-287b-4185-a3d4-d3533239b0ac/channels?session_id=4AE8593F338E4EDD83741BA8BA2D4CD5 (::1)
    HTTPServerRequest(protocol='http', host='localhost:1234', method='GET', uri='/api/kernels/3cac16dd-287b-4185-a3d4-d3533239b0ac/channels?session_id=4AE8593F338E4EDD83741BA8BA2D4CD5', version='HTTP/1.1', remote_ip='::1', headers={'Origin': 'http://localhost:1234', 'Upgrade': 'websocket', 'Sec-Websocket-Extensions': 'x-webkit-deflate-frame', 'Sec-Websocket-Version': '13', 'Connection': 'Upgrade', 'Sec-Websocket-Key': 'X8gWbT2qE9DMAH+dxMEfjw==', 'User-Agent': 'Mozilla/5.0 (Macintosh; Intel Mac OS X 10_11_4) AppleWebKit/601.5.17 (KHTML, like Gecko) Version/9.1 Safari/601.5.17', 'Host': 'localhost:1234', 'Pragma': 'no-cache', 'Cache-Control': 'no-cache'})
    Traceback (most recent call last):
      File "/usr/local/lib/python2.7/dist-packages/tornado/web.py", line 1401, in _stack_context_handle_exception
        raise_exc_info((type, value, traceback))
      File "/usr/local/lib/python2.7/dist-packages/tornado/stack_context.py", line 314, in wrapped
        ret = fn(*args, **kwargs)
      File "/usr/local/lib/python2.7/dist-packages/zmq/eventloop/zmqstream.py", line 191, in <lambda>
        self.on_recv(lambda msg: callback(self, msg), copy=copy)
      File "/usr/local/lib/python2.7/dist-packages/notebook/base/zmqhandlers.py", line 253, in _on_zmq_reply
        self.write_message(msg, binary=isinstance(msg, bytes))
      File "/usr/local/lib/python2.7/dist-packages/tornado/websocket.py", line 215, in write_message
        raise WebSocketClosedError()
    WebSocketClosedError
[W 07:04:22.949 NotebookApp] WebSocket ping timeout after 119995 ms.
WARNING: skipping a char (√)
WARNING: skipping a char (Ç)
[W 07:04:25.053 NotebookApp] WebSocket ping timeout after 119994 ms.
[W 07:04:26.883 NotebookApp] WebSocket ping timeout after 119996 ms.
WARNING: skipping a char (√)
WARNING: skipping a char (¢)
WARNING: skipping a char (¬)
WARNING: skipping a char (Ä)
WARNING: skipping a char (¬)
WARNING: skipping a char (ô)
WARNING: skipping a char (√)
WARNING: skipping a char (¢)
WARNING: skipping a char (¬)
WARNING: skipping a char (Ä)
WARNING: skipping a char (¬)
WARNING: skipping a char (ú)
WARNING: skipping a char (√)
WARNING: skipping a char (¢)
WARNING: skipping a char (¬)
WARNING: skipping a char (Ä)
WARNING: skipping a char (¬)
WARNING: skipping a char (ù)
WARNING: skipping a char (√)
WARNING: skipping a char (¢)
WARNING: skipping a char (¬)
WARNING: skipping a char (Ä)
WARNING: skipping a char (¬)
WARNING: skipping a char (ú)
WARNING: skipping a char (√)
WARNING: skipping a char (¢)
WARNING: skipping a char (¬)
WARNING: skipping a char (Ä)
WARNING: skipping a char (¬)
WARNING: skipping a char (ù)
WARNING: skipping a char (√)
WARNING: skipping a char (Ç)
WARNING: skipping a char (√)
WARNING: skipping a char (Ç)
WARNING: skipping a char (√)
WARNING: skipping a char (Ç)
WARNING: skipping a char (√)
WARNING: skipping a char (Ç)
WARNING: skipping a char (√)
WARNING: skipping a char (Ç)
WARNING: skipping a char (√)
WARNING: skipping a char (¢)
WARNING: skipping a char (¬)
WARNING: skipping a char (Ä)
WARNING: skipping a char (¬)
WARNING: skipping a char (ì)
WARNING: skipping a char (√)
WARNING: skipping a char (¢)
WARNING: skipping a char (¬)
WARNING: skipping a char (Ä)
WARNING: skipping a char (¬)
WARNING: skipping a char (ì)
WARNING: skipping a char (√)
WARNING: skipping a char (Ç)
WARNING: skipping a char (√)
WARNING: skipping a char (Ç)
WARNING: skipping a char (¬)
WARNING: skipping a char (ß)
WARNING: skipping a char (√)
WARNING: skipping a char (¢)
WARNING: skipping a char (¬)
WARNING: skipping a char (Ä)
WARNING: skipping a char (¬)
WARNING: skipping a char (ú)
WARNING: skipping a char (√)
WARNING: skipping a char (¢)
WARNING: skipping a char (¬)
WARNING: skipping a char (Ä)
WARNING: skipping a char (¬)
WARNING: skipping a char (¶)
WARNING: skipping a char (√)
WARNING: skipping a char (¢)
WARNING: skipping a char (¬)
WARNING: skipping a char (Ä)
WARNING: skipping a char (¬)
WARNING: skipping a char (ù)
WARNING: skipping a char (√)
WARNING: skipping a char (¢)
WARNING: skipping a char (¬)
WARNING: skipping a char (Ä)
WARNING: skipping a char (¬)
WARNING: skipping a char (ú)
WARNING: skipping a char (√)
WARNING: skipping a char (¢)
WARNING: skipping a char (¬)
WARNING: skipping a char (Ä)
WARNING: skipping a char (¬)
WARNING: skipping a char (¶)
WARNING: skipping a char (√)
WARNING: skipping a char (¢)
WARNING: skipping a char (¬)
WARNING: skipping a char (Ä)
WARNING: skipping a char (¬)
WARNING: skipping a char (ù)
WARNING: skipping a char (√)
WARNING: skipping a char (¢)
WARNING: skipping a char (¬)
WARNING: skipping a char (Ä)
WARNING: skipping a char (¬)
WARNING: skipping a char (ì)
WARNING: skipping a char (√)
WARNING: skipping a char (¢)
WARNING: skipping a char (¬)
WARNING: skipping a char (Ä)
WARNING: skipping a char (¬)
WARNING: skipping a char (ô)
WARNING: skipping a char (√)
WARNING: skipping a char (¢)
WARNING: skipping a char (¬)
WARNING: skipping a char (Ä)
WARNING: skipping a char (¬)
WARNING: skipping a char (ô)
WARNING: skipping a char (√)
WARNING: skipping a char (¢)
WARNING: skipping a char (¬)
WARNING: skipping a char (Ä)
WARNING: skipping a char (¬)
WARNING: skipping a char (ô)
WARNING: skipping a char (√)
WARNING: skipping a char (¢)
WARNING: skipping a char (¬)
WARNING: skipping a char (Ä)
WARNING: skipping a char (¬)
WARNING: skipping a char (ú)
WARNING: skipping a char (√)
WARNING: skipping a char (¢)
WARNING: skipping a char (¬)
WARNING: skipping a char (Ä)
WARNING: skipping a char (¬)
WARNING: skipping a char (ô)
WARNING: skipping a char (√)
WARNING: skipping a char (¢)
WARNING: skipping a char (¬)
WARNING: skipping a char (Ä)
WARNING: skipping a char (¬)
WARNING: skipping a char (ô)
WARNING: skipping a char (√)
WARNING: skipping a char (¢)
WARNING: skipping a char (¬)
WARNING: skipping a char (Ä)
WARNING: skipping a char (¬)
WARNING: skipping a char (ú)
WARNING: skipping a char (√)
WARNING: skipping a char (¢)
WARNING: skipping a char (¬)
WARNING: skipping a char (Ä)
WARNING: skipping a char (¬)
WARNING: skipping a char (ô)
WARNING: skipping a char (√)
WARNING: skipping a char (¢)
WARNING: skipping a char (¬)
WARNING: skipping a char (Ä)
WARNING: skipping a char (¬)
WARNING: skipping a char (ô)
WARNING: skipping a char (√)
WARNING: skipping a char (¢)
WARNING: skipping a char (¬)
WARNING: skipping a char (Ä)
WARNING: skipping a char (¬)
WARNING: skipping a char (ô)
WARNING: skipping a char (√)
WARNING: skipping a char (¢)
WARNING: skipping a char (¬)
WARNING: skipping a char (Ä)
WARNING: skipping a char (¬)
WARNING: skipping a char (ô)
WARNING: skipping a char (√)
WARNING: skipping a char (¢)
WARNING: skipping a char (¬)
WARNING: skipping a char (Ä)
WARNING: skipping a char (¬)
WARNING: skipping a char (ô)
WARNING: skipping a char (√)
WARNING: skipping a char (Ç)
WARNING: skipping a char (√)
WARNING: skipping a char (Ç)
WARNING: skipping a char (√)
WARNING: skipping a char (Ç)
WARNING: skipping a char (√)
WARNING: skipping a char (Ç)
WARNING: skipping a char (¬)
WARNING: skipping a char (ß)
WARNING: skipping a char (√)
WARNING: skipping a char (Ç)
WARNING: skipping a char (¬)
WARNING: skipping a char (ß)
WARNING: skipping a char (√)
WARNING: skipping a char (¢)
WARNING: skipping a char (¬)
WARNING: skipping a char (Ä)
WARNING: skipping a char (¬)
WARNING: skipping a char (ì)
WARNING: skipping a char (√)
WARNING: skipping a char (¢)
WARNING: skipping a char (¬)
WARNING: skipping a char (Ä)
WARNING: skipping a char (¬)
WARNING: skipping a char (ì)
WARNING: skipping a char (√)
WARNING: skipping a char (Ç)
WARNING: skipping a char (√)
WARNING: skipping a char (Ç)
WARNING: skipping a char (√)
WARNING: skipping a char (Ç)
WARNING: skipping a char (√)
WARNING: skipping a char (Ç)
WARNING: skipping a char (√)
WARNING: skipping a char (Ç)
WARNING: skipping a char (√)
WARNING: skipping a char (Ç)
WARNING: skipping a char (√)
WARNING: skipping a char (Ç)
WARNING: skipping a char (√)
WARNING: skipping a char (Ç)
WARNING: skipping a char (√)
WARNING: skipping a char (Ç)
WARNING: skipping a char (√)
WARNING: skipping a char (Ç)
WARNING: skipping a char (√)
WARNING: skipping a char (Ç)
WARNING: skipping a char (√)
WARNING: skipping a char (Ç)
WARNING: skipping a char (√)
WARNING: skipping a char (¢)
WARNING: skipping a char (¬)
WARNING: skipping a char (Ä)
WARNING: skipping a char (¬)
WARNING: skipping a char (ô)
WARNING: skipping a char (√)
WARNING: skipping a char (¢)
WARNING: skipping a char (¬)
WARNING: skipping a char (Ä)
WARNING: skipping a char (¬)
WARNING: skipping a char (ô)
WARNING: skipping a char (√)
WARNING: skipping a char (¢)
WARNING: skipping a char (¬)
WARNING: skipping a char (Ä)
WARNING: skipping a char (¬)
WARNING: skipping a char (ô)
WARNING: skipping a char (√)
WARNING: skipping a char (¢)
WARNING: skipping a char (¬)
WARNING: skipping a char (Ä)
WARNING: skipping a char (¬)
WARNING: skipping a char (ô)
WARNING: skipping a char (√)
WARNING: skipping a char (Ç)
WARNING: skipping a char (√)
WARNING: skipping a char (Ç)
WARNING: skipping a char (√)
WARNING: skipping a char (Ç)
WARNING: skipping a char (√)
WARNING: skipping a char (Ç)
WARNING: skipping a char (√)
WARNING: skipping a char (Ç)
WARNING: skipping a char (√)
WARNING: skipping a char (Ç)
WARNING: skipping a char (√)
WARNING: skipping a char (Ç)
WARNING: skipping a char (√)
WARNING: skipping a char (Ç)
WARNING: skipping a char (√)
WARNING: skipping a char (Ç)
WARNING: skipping a char (√)
WARNING: skipping a char (Ç)
WARNING: skipping a char (√)
WARNING: skipping a char (Ç)
WARNING: skipping a char (√)
WARNING: skipping a char (Ç)
WARNING: skipping a char (√)
WARNING: skipping a char (¢)
WARNING: skipping a char (¬)
WARNING: skipping a char (Ä)
WARNING: skipping a char (¬)
WARNING: skipping a char (ô)
WARNING: skipping a char (√)
WARNING: skipping a char (¢)
WARNING: skipping a char (¬)
WARNING: skipping a char (Ä)
WARNING: skipping a char (¬)
WARNING: skipping a char (ú)
WARNING: skipping a char (√)
WARNING: skipping a char (¢)
WARNING: skipping a char (¬)
WARNING: skipping a char (Ä)
WARNING: skipping a char (¬)
WARNING: skipping a char (ú)
WARNING: skipping a char (√)
WARNING: skipping a char (¢)
WARNING: skipping a char (¬)
WARNING: skipping a char (Ä)
WARNING: skipping a char (¬)
WARNING: skipping a char (ô)
WARNING: skipping a char (√)
WARNING: skipping a char (¢)
WARNING: skipping a char (¬)
WARNING: skipping a char (Ä)
WARNING: skipping a char (¬)
WARNING: skipping a char (ù)
WARNING: skipping a char (√)
WARNING: skipping a char (¢)
WARNING: skipping a char (¬)
WARNING: skipping a char (Ä)
WARNING: skipping a char (¬)
WARNING: skipping a char (ú)
WARNING: skipping a char (√)
WARNING: skipping a char (¢)
WARNING: skipping a char (¬)
WARNING: skipping a char (Ä)
WARNING: skipping a char (¬)
WARNING: skipping a char (ù)
WARNING: skipping a char (√)
WARNING: skipping a char (¢)
WARNING: skipping a char (¬)
WARNING: skipping a char (Ä)
WARNING: skipping a char (¬)
WARNING: skipping a char (ô)
WARNING: skipping a char (√)
WARNING: skipping a char (Ç)
WARNING: skipping a char (√)
WARNING: skipping a char (Ç)
WARNING: skipping a char (√)
WARNING: skipping a char (Ç)
WARNING: skipping a char (√)
WARNING: skipping a char (Ç)
WARNING: skipping a char (√)
WARNING: skipping a char (Ç)
WARNING: skipping a char (√)
WARNING: skipping a char (Ç)
WARNING: skipping a char (√)
WARNING: skipping a char (Ç)
WARNING: skipping a char (√)
WARNING: skipping a char (Ç)
WARNING: skipping a char (√)
WARNING: skipping a char (Ç)
WARNING: skipping a char (√)
WARNING: skipping a char (¢)
WARNING: skipping a char (¬)
WARNING: skipping a char (Ä)
WARNING: skipping a char (¬)
WARNING: skipping a char (î)
WARNING: skipping a char (√)
WARNING: skipping a char (¢)
WARNING: skipping a char (¬)
WARNING: skipping a char (Ä)
WARNING: skipping a char (¬)
WARNING: skipping a char (ô)
WARNING: skipping a char (√)
WARNING: skipping a char (¢)
WARNING: skipping a char (¬)
WARNING: skipping a char (Ä)
WARNING: skipping a char (¬)
WARNING: skipping a char (ô)
WARNING: skipping a char (√)
WARNING: skipping a char (Ç)
WARNING: skipping a char (√)
WARNING: skipping a char (Ç)
WARNING: skipping a char (√)
WARNING: skipping a char (Ç)
WARNING: skipping a char (√)
WARNING: skipping a char (Ç)
WARNING: skipping a char (√)
WARNING: skipping a char (¢)
WARNING: skipping a char (¬)
WARNING: skipping a char (Ä)
WARNING: skipping a char (¬)
WARNING: skipping a char (î)
WARNING: skipping a char (√)
WARNING: skipping a char (¢)
WARNING: skipping a char (¬)
WARNING: skipping a char (Ä)
WARNING: skipping a char (¬)
WARNING: skipping a char (ô)
WARNING: skipping a char (√)
WARNING: skipping a char (Ç)
WARNING: skipping a char (√)
WARNING: skipping a char (Ç)
WARNING: skipping a char (√)
WARNING: skipping a char (Ç)
WARNING: skipping a char (√)
WARNING: skipping a char (¢)
WARNING: skipping a char (¬)
WARNING: skipping a char (Ä)
WARNING: skipping a char (¬)
WARNING: skipping a char (î)
WARNING: skipping a char (√)
WARNING: skipping a char (¢)
WARNING: skipping a char (¬)
WARNING: skipping a char (Ä)
WARNING: skipping a char (¬)
WARNING: skipping a char (ô)
WARNING: skipping a char (√)
WARNING: skipping a char (¢)
WARNING: skipping a char (¬)
WARNING: skipping a char (Ä)
WARNING: skipping a char (¬)
WARNING: skipping a char (ô)
WARNING: skipping a char (√)
WARNING: skipping a char (¢)
WARNING: skipping a char (¬)
WARNING: skipping a char (Ä)
WARNING: skipping a char (¬)
WARNING: skipping a char (ô)
WARNING: skipping a char (√)
WARNING: skipping a char (Ç)
WARNING: skipping a char (√)
WARNING: skipping a char (Ø)
WARNING: skipping a char (¬)
WARNING: skipping a char (ª)
WARNING: skipping a char (¬)
WARNING: skipping a char (ø)
WARNING: skipping a char (√)
WARNING: skipping a char (Ç)
WARNING: skipping a char (√)
WARNING: skipping a char (Ç)
WARNING: skipping a char (√)
WARNING: skipping a char (Ç)
WARNING: skipping a char (√)
WARNING: skipping a char (¢)
WARNING: skipping a char (¬)
WARNING: skipping a char (Ä)
WARNING: skipping a char (¬)
WARNING: skipping a char (¢)
WARNING: skipping a char (√)
WARNING: skipping a char (¢)
WARNING: skipping a char (¬)
WARNING: skipping a char (Ä)
WARNING: skipping a char (¬)
WARNING: skipping a char (¢)
WARNING: skipping a char (√)
WARNING: skipping a char (¢)
WARNING: skipping a char (¬)
WARNING: skipping a char (Ä)
WARNING: skipping a char (¬)
WARNING: skipping a char (¢)
WARNING: skipping a char (√)
WARNING: skipping a char (¢)
WARNING: skipping a char (¬)
WARNING: skipping a char (Ä)
WARNING: skipping a char (¬)
WARNING: skipping a char (ô)
WARNING: skipping a char (√)
WARNING: skipping a char (Ç)
WARNING: skipping a char (¬)
WARNING: skipping a char (ß)
WARNING: skipping a char (√)
WARNING: skipping a char (Ç)
WARNING: skipping a char (√)
WARNING: skipping a char (Ç)
WARNING: skipping a char (√)
WARNING: skipping a char (Ç)
WARNING: skipping a char (√)
WARNING: skipping a char (Ç)
WARNING: skipping a char (√)
WARNING: skipping a char (Ç)
WARNING: skipping a char (√)
WARNING: skipping a char (Ç)
WARNING: skipping a char (√)
WARNING: skipping a char (Ç)
WARNING: skipping a char (√)
WARNING: skipping a char (¢)
WARNING: skipping a char (¬)
WARNING: skipping a char (Ä)
WARNING: skipping a char (¬)
WARNING: skipping a char (ô)
WARNING: skipping a char (√)
WARNING: skipping a char (Ç)
WARNING: skipping a char (√)
WARNING: skipping a char (Ç)
WARNING: skipping a char (√)
WARNING: skipping a char (Ç)
WARNING: skipping a char (√)
WARNING: skipping a char (Ç)
WARNING: skipping a char (√)
WARNING: skipping a char (Ç)
WARNING: skipping a char (√)
WARNING: skipping a char (Ç)
WARNING: skipping a char (√)
WARNING: skipping a char (Ç)
WARNING: skipping a char (√)
WARNING: skipping a char (Ø)
WARNING: skipping a char (¬)
WARNING: skipping a char (ª)
WARNING: skipping a char (¬)
WARNING: skipping a char (ø)
WARNING: skipping a char (√)
WARNING: skipping a char (Ç)
WARNING: skipping a char (√)
WARNING: skipping a char (Ç)
WARNING: skipping a char (√)
WARNING: skipping a char (Ç)
WARNING: skipping a char (¬)
WARNING: skipping a char (ß)
WARNING: skipping a char (√)
WARNING: skipping a char (Ç)
WARNING: skipping a char (√)
WARNING: skipping a char (Ç)
WARNING: skipping a char (√)
WARNING: skipping a char (Ç)
WARNING: skipping a char (√)
WARNING: skipping a char (Ç)
WARNING: skipping a char (√)
WARNING: skipping a char (¢)
WARNING: skipping a char (¬)
WARNING: skipping a char (Ä)
WARNING: skipping a char (¬)
WARNING: skipping a char (ô)
WARNING: skipping a char (√)
WARNING: skipping a char (Ç)
WARNING: skipping a char (√)
WARNING: skipping a char (Ç)
WARNING: skipping a char (√)
WARNING: skipping a char (Ç)
WARNING: skipping a char (√)
WARNING: skipping a char (Ç)
WARNING: skipping a char (√)
WARNING: skipping a char (Ç)
WARNING: skipping a char (√)
WARNING: skipping a char (Ç)
WARNING: skipping a char (√)
WARNING: skipping a char (Ç)
WARNING: skipping a char (√)
WARNING: skipping a char (Ç)
WARNING: skipping a char (√)
WARNING: skipping a char (Ç)
WARNING: skipping a char (√)
WARNING: skipping a char (Ç)
WARNING: skipping a char (√)
WARNING: skipping a char (¢)
WARNING: skipping a char (¬)
WARNING: skipping a char (Ä)
WARNING: skipping a char (¬)
WARNING: skipping a char (ô)
WARNING: skipping a char (√)
WARNING: skipping a char (Ø)
WARNING: skipping a char (¬)
WARNING: skipping a char (ª)
WARNING: skipping a char (¬)
WARNING: skipping a char (ø)
WARNING: skipping a char (√)
WARNING: skipping a char (Ç)
WARNING: skipping a char (√)
WARNING: skipping a char (Ç)
WARNING: skipping a char (√)
WARNING: skipping a char (¢)
WARNING: skipping a char (¬)
WARNING: skipping a char (Ä)
WARNING: skipping a char (¬)
WARNING: skipping a char (ô)
WARNING: skipping a char (√)
WARNING: skipping a char (¢)
WARNING: skipping a char (¬)
WARNING: skipping a char (Ä)
WARNING: skipping a char (¬)
WARNING: skipping a char (ú)
WARNING: skipping a char (√)
WARNING: skipping a char (¢)
WARNING: skipping a char (¬)
WARNING: skipping a char (Ä)
WARNING: skipping a char (¬)
WARNING: skipping a char (ù)
WARNING: skipping a char (√)
WARNING: skipping a char (¢)
WARNING: skipping a char (¬)
WARNING: skipping a char (Ä)
WARNING: skipping a char (¬)
WARNING: skipping a char (ú)
WARNING: skipping a char (√)
WARNING: skipping a char (¢)
WARNING: skipping a char (¬)
WARNING: skipping a char (Ä)
WARNING: skipping a char (¬)
WARNING: skipping a char (ù)
WARNING: skipping a char (√)
WARNING: skipping a char (¢)
WARNING: skipping a char (¬)
WARNING: skipping a char (Ä)
WARNING: skipping a char (¬)
WARNING: skipping a char (ô)
WARNING: skipping a char (√)
WARNING: skipping a char (¢)
WARNING: skipping a char (¬)
WARNING: skipping a char (Ä)
WARNING: skipping a char (¬)
WARNING: skipping a char (ú)
WARNING: skipping a char (√)
WARNING: skipping a char (¢)
WARNING: skipping a char (¬)
WARNING: skipping a char (Ä)
WARNING: skipping a char (¬)
WARNING: skipping a char (ù)
WARNING: skipping a char (√)
WARNING: skipping a char (¢)
WARNING: skipping a char (¬)
WARNING: skipping a char (Ä)
WARNING: skipping a char (¬)
WARNING: skipping a char (ú)
WARNING: skipping a char (√)
WARNING: skipping a char (¢)
WARNING: skipping a char (¬)
WARNING: skipping a char (Ä)
WARNING: skipping a char (¬)
WARNING: skipping a char (ù)
WARNING: skipping a char (√)
WARNING: skipping a char (Ç)
WARNING: skipping a char (√)
WARNING: skipping a char (Ç)
WARNING: skipping a char (√)
WARNING: skipping a char (Ç)
WARNING: skipping a char (√)
WARNING: skipping a char (Ç)
WARNING: skipping a char (√)
WARNING: skipping a char (Ç)
WARNING: skipping a char (√)
WARNING: skipping a char (¢)
WARNING: skipping a char (¬)
WARNING: skipping a char (Ä)
WARNING: skipping a char (¬)
WARNING: skipping a char (ô)
WARNING: skipping a char (√)
WARNING: skipping a char (¢)
WARNING: skipping a char (¬)
WARNING: skipping a char (Ä)
WARNING: skipping a char (¬)
WARNING: skipping a char (¢)
WARNING: skipping a char (√)
WARNING: skipping a char (¢)
WARNING: skipping a char (¬)
WARNING: skipping a char (Ä)
WARNING: skipping a char (¬)
WARNING: skipping a char (¢)
WARNING: skipping a char (√)
WARNING: skipping a char (¢)
WARNING: skipping a char (¬)
WARNING: skipping a char (Ä)
WARNING: skipping a char (¬)
WARNING: skipping a char (¢)
WARNING: skipping a char (√)
WARNING: skipping a char (¢)
WARNING: skipping a char (¬)
WARNING: skipping a char (Ä)
WARNING: skipping a char (¬)
WARNING: skipping a char (ô)
WARNING: skipping a char (√)
WARNING: skipping a char (Ç)
WARNING: skipping a char (√)
WARNING: skipping a char (Ç)
WARNING: skipping a char (√)
WARNING: skipping a char (Ç)
WARNING: skipping a char (√)
WARNING: skipping a char (¢)
WARNING: skipping a char (¬)
WARNING: skipping a char (Ä)
WARNING: skipping a char (¬)
WARNING: skipping a char (ô)
WARNING: skipping a char (√)
WARNING: skipping a char (Ç)
WARNING: skipping a char (√)
WARNING: skipping a char (Ç)
WARNING: skipping a char (√)
WARNING: skipping a char (Ç)
WARNING: skipping a char (¬)
WARNING: skipping a char (ß)
WARNING: skipping a char (√)
WARNING: skipping a char (¢)
WARNING: skipping a char (¬)
WARNING: skipping a char (Ä)
WARNING: skipping a char (¬)
WARNING: skipping a char (¶)
WARNING: skipping a char (√)
WARNING: skipping a char (Ç)
WARNING: skipping a char (√)
WARNING: skipping a char (Ç)
WARNING: skipping a char (√)
WARNING: skipping a char (Ç)
WARNING: skipping a char (√)
WARNING: skipping a char (Ç)
WARNING: skipping a char (√)
WARNING: skipping a char (Ç)
WARNING: skipping a char (√)
WARNING: skipping a char (Ç)
WARNING: skipping a char (√)
WARNING: skipping a char (Ç)
WARNING: skipping a char (√)
WARNING: skipping a char (Ç)
WARNING: skipping a char (√)
WARNING: skipping a char (Ç)
WARNING: skipping a char (√)
WARNING: skipping a char (Ç)
WARNING: skipping a char (√)
WARNING: skipping a char (Ç)
WARNING: skipping a char (√)
WARNING: skipping a char (Ç)
WARNING: skipping a char (√)
WARNING: skipping a char (Ç)
WARNING: skipping a char (√)
WARNING: skipping a char (Ç)
WARNING: skipping a char (√)
WARNING: skipping a char (Ç)
WARNING: skipping a char (√)
WARNING: skipping a char (Ç)
WARNING: skipping a char (√)
WARNING: skipping a char (Ç)
WARNING: skipping a char (√)
WARNING: skipping a char (Ç)
WARNING: skipping a char (√)
WARNING: skipping a char (Ç)
WARNING: skipping a char (√)
WARNING: skipping a char (Ç)
WARNING: skipping a char (√)
WARNING: skipping a char (Ç)
WARNING: skipping a char (√)
WARNING: skipping a char (Ç)
WARNING: skipping a char (√)
WARNING: skipping a char (Ç)
WARNING: skipping a char (√)
WARNING: skipping a char (Ç)
WARNING: skipping a char (√)
WARNING: skipping a char (Ç)
WARNING: skipping a char (√)
WARNING: skipping a char (Ç)
WARNING: skipping a char (√)
WARNING: skipping a char (Ç)
WARNING: skipping a char (√)
WARNING: skipping a char (¢)
WARNING: skipping a char (¬)
WARNING: skipping a char (Ä)
WARNING: skipping a char (¬)
WARNING: skipping a char (ô)
WARNING: skipping a char (√)
WARNING: skipping a char (¢)
WARNING: skipping a char (¬)
WARNING: skipping a char (Ä)
WARNING: skipping a char (¬)
WARNING: skipping a char (ô)
WARNING: skipping a char (√)
WARNING: skipping a char (Ç)
WARNING: skipping a char (√)
WARNING: skipping a char (Ç)
WARNING: skipping a char (√)
WARNING: skipping a char (Ç)
WARNING: skipping a char (√)
WARNING: skipping a char (¢)
WARNING: skipping a char (¬)
WARNING: skipping a char (Ä)
WARNING: skipping a char (¬)
WARNING: skipping a char (ô)
WARNING: skipping a char (√)
WARNING: skipping a char (Ç)
WARNING: skipping a char (√)
WARNING: skipping a char (¢)
WARNING: skipping a char (¬)
WARNING: skipping a char (Ä)
WARNING: skipping a char (¬)
WARNING: skipping a char (ô)
WARNING: skipping a char (√)
WARNING: skipping a char (¢)
WARNING: skipping a char (¬)
WARNING: skipping a char (Ä)
WARNING: skipping a char (¬)
WARNING: skipping a char (ô)
WARNING: skipping a char (√)
WARNING: skipping a char (Ç)
WARNING: skipping a char (√)
WARNING: skipping a char (Ç)
WARNING: skipping a char (√)
WARNING: skipping a char (Ç)
WARNING: skipping a char (√)
WARNING: skipping a char (Ç)
WARNING: skipping a char (√)
WARNING: skipping a char (Ç)
WARNING: skipping a char (√)
WARNING: skipping a char (Ø)
WARNING: skipping a char (¬)
WARNING: skipping a char (ª)
WARNING: skipping a char (¬)
WARNING: skipping a char (ø)
WARNING: skipping a char (√)
WARNING: skipping a char (Ç)
WARNING: skipping a char (√)
WARNING: skipping a char (Ç)
WARNING: skipping a char (√)
WARNING: skipping a char (¢)
WARNING: skipping a char (¬)
WARNING: skipping a char (Ä)
WARNING: skipping a char (¬)
WARNING: skipping a char (ô)
WARNING: skipping a char (√)
WARNING: skipping a char (¢)
WARNING: skipping a char (¬)
WARNING: skipping a char (Ä)
WARNING: skipping a char (¬)
WARNING: skipping a char (ú)
WARNING: skipping a char (√)
WARNING: skipping a char (¢)
WARNING: skipping a char (¬)
WARNING: skipping a char (Ä)
WARNING: skipping a char (¬)
WARNING: skipping a char (ù)
WARNING: skipping a char (√)
WARNING: skipping a char (¢)
WARNING: skipping a char (¬)
WARNING: skipping a char (Ä)
WARNING: skipping a char (¬)
WARNING: skipping a char (ú)
WARNING: skipping a char (√)
WARNING: skipping a char (¢)
WARNING: skipping a char (¬)
WARNING: skipping a char (Ä)
WARNING: skipping a char (¬)
WARNING: skipping a char (ù)
WARNING: skipping a char (√)
WARNING: skipping a char (¢)
WARNING: skipping a char (¬)
WARNING: skipping a char (Ä)
WARNING: skipping a char (¬)
WARNING: skipping a char (ô)
WARNING: skipping a char (√)
WARNING: skipping a char (¢)
WARNING: skipping a char (¬)
WARNING: skipping a char (Ä)
WARNING: skipping a char (¬)
WARNING: skipping a char (ú)
WARNING: skipping a char (√)
WARNING: skipping a char (¢)
WARNING: skipping a char (¬)
WARNING: skipping a char (Ä)
WARNING: skipping a char (¬)
WARNING: skipping a char (ù)
WARNING: skipping a char (√)
WARNING: skipping a char (¢)
WARNING: skipping a char (¬)
WARNING: skipping a char (Ä)
WARNING: skipping a char (¬)
WARNING: skipping a char (ú)
WARNING: skipping a char (√)
WARNING: skipping a char (¢)
WARNING: skipping a char (¬)
WARNING: skipping a char (Ä)
WARNING: skipping a char (¬)
WARNING: skipping a char (ù)
WARNING: skipping a char (√)
WARNING: skipping a char (Ç)
WARNING: skipping a char (√)
WARNING: skipping a char (¢)
WARNING: skipping a char (¬)
WARNING: skipping a char (Ä)
WARNING: skipping a char (¬)
WARNING: skipping a char (ô)
WARNING: skipping a char (√)
WARNING: skipping a char (Ç)
WARNING: skipping a char (√)
WARNING: skipping a char (Ç)
WARNING: skipping a char (√)
WARNING: skipping a char (Ç)
WARNING: skipping a char (¬)
WARNING: skipping a char (ß)
WARNING: skipping a char (√)
WARNING: skipping a char (Ç)
WARNING: skipping a char (√)
WARNING: skipping a char (Ç)
WARNING: skipping a char (√)
WARNING: skipping a char (Ç)
WARNING: skipping a char (√)
WARNING: skipping a char (Ç)
WARNING: skipping a char (√)
WARNING: skipping a char (Ç)
WARNING: skipping a char (√)
WARNING: skipping a char (Ç)
WARNING: skipping a char (√)
WARNING: skipping a char (Ç)
WARNING: skipping a char (√)
WARNING: skipping a char (Ç)
WARNING: skipping a char (√)
WARNING: skipping a char (Ç)
WARNING: skipping a char (√)
WARNING: skipping a char (Ç)
WARNING: skipping a char (√)
WARNING: skipping a char (Ç)
WARNING: skipping a char (√)
WARNING: skipping a char (Ç)
WARNING: skipping a char (√)
WARNING: skipping a char (Ç)
WARNING: skipping a char (√)
WARNING: skipping a char (Ç)
WARNING: skipping a char (√)
WARNING: skipping a char (Ç)
WARNING: skipping a char (√)
WARNING: skipping a char (Ç)
WARNING: skipping a char (√)
WARNING: skipping a char (¢)
WARNING: skipping a char (¬)
WARNING: skipping a char (Ä)
WARNING: skipping a char (¬)
WARNING: skipping a char (ô)
WARNING: skipping a char (√)
WARNING: skipping a char (Ç)
WARNING: skipping a char (√)
WARNING: skipping a char (Ç)
WARNING: skipping a char (√)
WARNING: skipping a char (¢)
WARNING: skipping a char (¬)
WARNING: skipping a char (Ä)
WARNING: skipping a char (¬)
WARNING: skipping a char (ú)
WARNING: skipping a char (√)
WARNING: skipping a char (¢)
WARNING: skipping a char (¬)
WARNING: skipping a char (Ä)
WARNING: skipping a char (¬)
WARNING: skipping a char (ú)
WARNING: skipping a char (√)
WARNING: skipping a char (¢)
WARNING: skipping a char (¬)
WARNING: skipping a char (Ä)
WARNING: skipping a char (¬)
WARNING: skipping a char (ô)
WARNING: skipping a char (√)
WARNING: skipping a char (¢)
WARNING: skipping a char (¬)
WARNING: skipping a char (Ä)
WARNING: skipping a char (¬)
WARNING: skipping a char (ù)
WARNING: skipping a char (√)
WARNING: skipping a char (¢)
WARNING: skipping a char (¬)
WARNING: skipping a char (Ä)
WARNING: skipping a char (¬)
WARNING: skipping a char (ú)
WARNING: skipping a char (√)
WARNING: skipping a char (¢)
WARNING: skipping a char (¬)
WARNING: skipping a char (Ä)
WARNING: skipping a char (¬)
WARNING: skipping a char (ù)
WARNING: skipping a char (√)
WARNING: skipping a char (Ç)
WARNING: skipping a char (√)
WARNING: skipping a char (¢)
WARNING: skipping a char (¬)
WARNING: skipping a char (Ä)
WARNING: skipping a char (¬)
WARNING: skipping a char (ô)
WARNING: skipping a char (√)
WARNING: skipping a char (¢)
WARNING: skipping a char (¬)
WARNING: skipping a char (Ä)
WARNING: skipping a char (¬)
WARNING: skipping a char (ô)
WARNING: skipping a char (√)
WARNING: skipping a char (¢)
WARNING: skipping a char (¬)
WARNING: skipping a char (Ä)
WARNING: skipping a char (¬)
WARNING: skipping a char (ô)
WARNING: skipping a char (√)
WARNING: skipping a char (¢)
WARNING: skipping a char (¬)
WARNING: skipping a char (Ä)
WARNING: skipping a char (¬)
WARNING: skipping a char (ô)
WARNING: skipping a char (√)
WARNING: skipping a char (¢)
WARNING: skipping a char (¬)
WARNING: skipping a char (Ä)
WARNING: skipping a char (¬)
WARNING: skipping a char (ô)
WARNING: skipping a char (√)
WARNING: skipping a char (¢)
WARNING: skipping a char (¬)
WARNING: skipping a char (Ä)
WARNING: skipping a char (¬)
WARNING: skipping a char (ô)
WARNING: skipping a char (√)
WARNING: skipping a char (¢)
WARNING: skipping a char (¬)
WARNING: skipping a char (Ä)
WARNING: skipping a char (¬)
WARNING: skipping a char (ô)
WARNING: skipping a char (√)
WARNING: skipping a char (¢)
WARNING: skipping a char (¬)
WARNING: skipping a char (Ä)
WARNING: skipping a char (¬)
WARNING: skipping a char (ô)
WARNING: skipping a char (√)
WARNING: skipping a char (Ç)
WARNING: skipping a char (¬)
WARNING: skipping a char (ß)
WARNING: skipping a char (√)
WARNING: skipping a char (Ç)
WARNING: skipping a char (√)
WARNING: skipping a char (¢)
WARNING: skipping a char (¬)
WARNING: skipping a char (Ä)
WARNING: skipping a char (¬)
WARNING: skipping a char (ô)
WARNING: skipping a char (√)
WARNING: skipping a char (¢)
WARNING: skipping a char (¬)
WARNING: skipping a char (Ä)
WARNING: skipping a char (¬)
WARNING: skipping a char (ô)
WARNING: skipping a char (√)
WARNING: skipping a char (Ç)
WARNING: skipping a char (√)
WARNING: skipping a char (Ç)
WARNING: skipping a char (√)
WARNING: skipping a char (Ç)
WARNING: skipping a char (√)
WARNING: skipping a char (Ç)
WARNING: skipping a char (√)
WARNING: skipping a char (Ç)
WARNING: skipping a char (√)
WARNING: skipping a char (Ç)
WARNING: skipping a char (√)
WARNING: skipping a char (Ç)
WARNING: skipping a char (√)
WARNING: skipping a char (Ç)
WARNING: skipping a char (√)
WARNING: skipping a char (¢)
WARNING: skipping a char (¬)
WARNING: skipping a char (Ä)
WARNING: skipping a char (¬)
WARNING: skipping a char (ô)
WARNING: skipping a char (√)
WARNING: skipping a char (¢)
WARNING: skipping a char (¬)
WARNING: skipping a char (Ä)
WARNING: skipping a char (¬)
WARNING: skipping a char (ô)
WARNING: skipping a char (√)
WARNING: skipping a char (Ç)
WARNING: skipping a char (√)
WARNING: skipping a char (Ç)
WARNING: skipping a char (√)
WARNING: skipping a char (Ç)
WARNING: skipping a char (√)
WARNING: skipping a char (Ç)
WARNING: skipping a char (√)
WARNING: skipping a char (Ç)
WARNING: skipping a char (√)
WARNING: skipping a char (Ç)
WARNING: skipping a char (√)
WARNING: skipping a char (Ç)
WARNING: skipping a char (√)
WARNING: skipping a char (Ç)
WARNING: skipping a char (√)
WARNING: skipping a char (Ç)
WARNING: skipping a char (√)
WARNING: skipping a char (Ç)
WARNING: skipping a char (√)
WARNING: skipping a char (Ç)
WARNING: skipping a char (√)
WARNING: skipping a char (Ç)
WARNING: skipping a char (√)
WARNING: skipping a char (Ç)
WARNING: skipping a char (√)
WARNING: skipping a char (Ç)
WARNING: skipping a char (√)
WARNING: skipping a char (Ç)
WARNING: skipping a char (√)
WARNING: skipping a char (Ç)
WARNING: skipping a char (√)
WARNING: skipping a char (Ç)
WARNING: skipping a char (√)
WARNING: skipping a char (Ç)
WARNING: skipping a char (√)
WARNING: skipping a char (Ç)
WARNING: skipping a char (√)
WARNING: skipping a char (Ç)
WARNING: skipping a char (√)
WARNING: skipping a char (Ç)
WARNING: skipping a char (√)
WARNING: skipping a char (Ç)
WARNING: skipping a char (√)
WARNING: skipping a char (Ç)
WARNING: skipping a char (√)
WARNING: skipping a char (Ç)
WARNING: skipping a char (√)
WARNING: skipping a char (Ç)
WARNING: skipping a char (√)
WARNING: skipping a char (Ç)
WARNING: skipping a char (√)
WARNING: skipping a char (¢)
WARNING: skipping a char (¬)
WARNING: skipping a char (Ä)
WARNING: skipping a char (¬)
WARNING: skipping a char (ú)
WARNING: skipping a char (√)
WARNING: skipping a char (¢)
WARNING: skipping a char (¬)
WARNING: skipping a char (Ä)
WARNING: skipping a char (¬)
WARNING: skipping a char (¶)
WARNING: skipping a char (√)
WARNING: skipping a char (¢)
WARNING: skipping a char (¬)
WARNING: skipping a char (Ä)
WARNING: skipping a char (¬)
WARNING: skipping a char (ù)
WARNING: skipping a char (√)
WARNING: skipping a char (Ç)
WARNING: skipping a char (√)
WARNING: skipping a char (Ç)
WARNING: skipping a char (√)
WARNING: skipping a char (¢)
WARNING: skipping a char (¬)
WARNING: skipping a char (Ä)
WARNING: skipping a char (¬)
WARNING: skipping a char (ô)
WARNING: skipping a char (√)
WARNING: skipping a char (¢)
WARNING: skipping a char (¬)
WARNING: skipping a char (Ä)
WARNING: skipping a char (¬)
WARNING: skipping a char (ô)
WARNING: skipping a char (√)
WARNING: skipping a char (¢)
WARNING: skipping a char (¬)
WARNING: skipping a char (Ä)
WARNING: skipping a char (¬)
WARNING: skipping a char (¶)
WARNING: skipping a char (√)
WARNING: skipping a char (¢)
WARNING: skipping a char (¬)
WARNING: skipping a char (Ä)
WARNING: skipping a char (¬)
WARNING: skipping a char (ô)
WARNING: skipping a char (√)
WARNING: skipping a char (¢)
WARNING: skipping a char (¬)
WARNING: skipping a char (Ä)
WARNING: skipping a char (¬)
WARNING: skipping a char (ô)
WARNING: skipping a char (√)
WARNING: skipping a char (¢)
WARNING: skipping a char (¬)
WARNING: skipping a char (Ä)
WARNING: skipping a char (¬)
WARNING: skipping a char (¶)
WARNING: skipping a char (√)
WARNING: skipping a char (Ç)
WARNING: skipping a char (√)
WARNING: skipping a char (Ç)
WARNING: skipping a char (√)
WARNING: skipping a char (Ç)
WARNING: skipping a char (√)
WARNING: skipping a char (Ç)
WARNING: skipping a char (√)
WARNING: skipping a char (Ç)
WARNING: skipping a char (√)
WARNING: skipping a char (¢)
WARNING: skipping a char (¬)
WARNING: skipping a char (Ä)
WARNING: skipping a char (¬)
WARNING: skipping a char (ô)
WARNING: skipping a char (√)
WARNING: skipping a char (¢)
WARNING: skipping a char (¬)
WARNING: skipping a char (Ä)
WARNING: skipping a char (¬)
WARNING: skipping a char (ô)
WARNING: skipping a char (√)
WARNING: skipping a char (¢)
WARNING: skipping a char (¬)
WARNING: skipping a char (Ä)
WARNING: skipping a char (¬)
WARNING: skipping a char (¶)
WARNING: skipping a char (√)
WARNING: skipping a char (¢)
WARNING: skipping a char (¬)
WARNING: skipping a char (Ä)
WARNING: skipping a char (¬)
WARNING: skipping a char (ô)
WARNING: skipping a char (√)
WARNING: skipping a char (¢)
WARNING: skipping a char (¬)
WARNING: skipping a char (Ä)
WARNING: skipping a char (¬)
WARNING: skipping a char (ô)
WARNING: skipping a char (√)
WARNING: skipping a char (¢)
WARNING: skipping a char (¬)
WARNING: skipping a char (Ä)
WARNING: skipping a char (¬)
WARNING: skipping a char (¶)
WARNING: skipping a char (√)
WARNING: skipping a char (¢)
WARNING: skipping a char (¬)
WARNING: skipping a char (Ä)
WARNING: skipping a char (¬)
WARNING: skipping a char (ô)
WARNING: skipping a char (√)
WARNING: skipping a char (Ç)
WARNING: skipping a char (√)
WARNING: skipping a char (¢)
WARNING: skipping a char (¬)
WARNING: skipping a char (Ä)
WARNING: skipping a char (¬)
WARNING: skipping a char (ú)
WARNING: skipping a char (√)
WARNING: skipping a char (¢)
WARNING: skipping a char (¬)
WARNING: skipping a char (Ä)
WARNING: skipping a char (¬)
WARNING: skipping a char (ú)
WARNING: skipping a char (√)
WARNING: skipping a char (¢)
WARNING: skipping a char (¬)
WARNING: skipping a char (Ä)
WARNING: skipping a char (¬)
WARNING: skipping a char (ô)
WARNING: skipping a char (√)
WARNING: skipping a char (¢)
WARNING: skipping a char (¬)
WARNING: skipping a char (Ä)
WARNING: skipping a char (¬)
WARNING: skipping a char (ù)
WARNING: skipping a char (√)
WARNING: skipping a char (¢)
WARNING: skipping a char (¬)
WARNING: skipping a char (Ä)
WARNING: skipping a char (¬)
WARNING: skipping a char (ú)
WARNING: skipping a char (√)
WARNING: skipping a char (¢)
WARNING: skipping a char (¬)
WARNING: skipping a char (Ä)
WARNING: skipping a char (¬)
WARNING: skipping a char (ù)
WARNING: skipping a char (√)
WARNING: skipping a char (Ç)
WARNING: skipping a char (√)
WARNING: skipping a char (¢)
WARNING: skipping a char (¬)
WARNING: skipping a char (Ä)
WARNING: skipping a char (¬)
WARNING: skipping a char (ô)
WARNING: skipping a char (√)
WARNING: skipping a char (¢)
WARNING: skipping a char (¬)
WARNING: skipping a char (Ä)
WARNING: skipping a char (¬)
WARNING: skipping a char (ú)
WARNING: skipping a char (√)
WARNING: skipping a char (¢)
WARNING: skipping a char (¬)
WARNING: skipping a char (Ä)
WARNING: skipping a char (¬)
WARNING: skipping a char (ù)
WARNING: skipping a char (√)
WARNING: skipping a char (¢)
WARNING: skipping a char (¬)
WARNING: skipping a char (Ä)
WARNING: skipping a char (¬)
WARNING: skipping a char (ú)
WARNING: skipping a char (√)
WARNING: skipping a char (¢)
WARNING: skipping a char (¬)
WARNING: skipping a char (Ä)
WARNING: skipping a char (¬)
WARNING: skipping a char (ù)
WARNING: skipping a char (√)
WARNING: skipping a char (¢)
WARNING: skipping a char (¬)
WARNING: skipping a char (Ä)
WARNING: skipping a char (¬)
WARNING: skipping a char (ô)
WARNING: skipping a char (√)
WARNING: skipping a char (¢)
WARNING: skipping a char (¬)
WARNING: skipping a char (Ä)
WARNING: skipping a char (¬)
WARNING: skipping a char (ú)
WARNING: skipping a char (√)
WARNING: skipping a char (¢)
WARNING: skipping a char (¬)
WARNING: skipping a char (Ä)
WARNING: skipping a char (¬)
WARNING: skipping a char (ù)
WARNING: skipping a char (√)
WARNING: skipping a char (¢)
WARNING: skipping a char (¬)
WARNING: skipping a char (Ä)
WARNING: skipping a char (¬)
WARNING: skipping a char (ú)
WARNING: skipping a char (√)
WARNING: skipping a char (¢)
WARNING: skipping a char (¬)
WARNING: skipping a char (Ä)
WARNING: skipping a char (¬)
WARNING: skipping a char (ù)
WARNING: skipping a char (√)
WARNING: skipping a char (¢)
WARNING: skipping a char (¬)
WARNING: skipping a char (Ä)
WARNING: skipping a char (¬)
WARNING: skipping a char (ô)
WARNING: skipping a char (√)
WARNING: skipping a char (¢)
WARNING: skipping a char (¬)
WARNING: skipping a char (Ä)
WARNING: skipping a char (¬)
WARNING: skipping a char (ú)
WARNING: skipping a char (√)
WARNING: skipping a char (¢)
WARNING: skipping a char (¬)
WARNING: skipping a char (Ä)
WARNING: skipping a char (¬)
WARNING: skipping a char (ù)
WARNING: skipping a char (√)
WARNING: skipping a char (¢)
WARNING: skipping a char (¬)
WARNING: skipping a char (Ä)
WARNING: skipping a char (¬)
WARNING: skipping a char (ú)
WARNING: skipping a char (√)
WARNING: skipping a char (¢)
WARNING: skipping a char (¬)
WARNING: skipping a char (Ä)
WARNING: skipping a char (¬)
WARNING: skipping a char (ù)
WARNING: skipping a char (√)
WARNING: skipping a char (¢)
WARNING: skipping a char (¬)
WARNING: skipping a char (Ä)
WARNING: skipping a char (¬)
WARNING: skipping a char (ô)
WARNING: skipping a char (√)
WARNING: skipping a char (¢)
WARNING: skipping a char (¬)
WARNING: skipping a char (Ä)
WARNING: skipping a char (¬)
WARNING: skipping a char (ú)
WARNING: skipping a char (√)
WARNING: skipping a char (¢)
WARNING: skipping a char (¬)
WARNING: skipping a char (Ä)
WARNING: skipping a char (¬)
WARNING: skipping a char (ù)
WARNING: skipping a char (√)
WARNING: skipping a char (¢)
WARNING: skipping a char (¬)
WARNING: skipping a char (Ä)
WARNING: skipping a char (¬)
WARNING: skipping a char (ú)
WARNING: skipping a char (√)
WARNING: skipping a char (¢)
WARNING: skipping a char (¬)
WARNING: skipping a char (Ä)
WARNING: skipping a char (¬)
WARNING: skipping a char (ù)
WARNING: skipping a char (√)
WARNING: skipping a char (¢)
WARNING: skipping a char (¬)
WARNING: skipping a char (Ä)
WARNING: skipping a char (¬)
WARNING: skipping a char (ô)
WARNING: skipping a char (√)
WARNING: skipping a char (¢)
WARNING: skipping a char (¬)
WARNING: skipping a char (Ä)
WARNING: skipping a char (¬)
WARNING: skipping a char (ú)
WARNING: skipping a char (√)
WARNING: skipping a char (¢)
WARNING: skipping a char (¬)
WARNING: skipping a char (Ä)
WARNING: skipping a char (¬)
WARNING: skipping a char (ù)
WARNING: skipping a char (√)
WARNING: skipping a char (¢)
WARNING: skipping a char (¬)
WARNING: skipping a char (Ä)
WARNING: skipping a char (¬)
WARNING: skipping a char (ú)
WARNING: skipping a char (√)
WARNING: skipping a char (¢)
WARNING: skipping a char (¬)
WARNING: skipping a char (Ä)
WARNING: skipping a char (¬)
WARNING: skipping a char (ù)
WARNING: skipping a char (√)
WARNING: skipping a char (¢)
WARNING: skipping a char (¬)
WARNING: skipping a char (Ä)
WARNING: skipping a char (¬)
WARNING: skipping a char (¢)
WARNING: skipping a char (√)
WARNING: skipping a char (¢)
WARNING: skipping a char (¬)
WARNING: skipping a char (Ä)
WARNING: skipping a char (¬)
WARNING: skipping a char (¢)
WARNING: skipping a char (√)
WARNING: skipping a char (¢)
WARNING: skipping a char (¬)
WARNING: skipping a char (Ä)
WARNING: skipping a char (¬)
WARNING: skipping a char (¢)
WARNING: skipping a char (√)
WARNING: skipping a char (¢)
WARNING: skipping a char (¬)
WARNING: skipping a char (Ä)
WARNING: skipping a char (¬)
WARNING: skipping a char (ô)
WARNING: skipping a char (√)
WARNING: skipping a char (¢)
WARNING: skipping a char (¬)
WARNING: skipping a char (Ä)
WARNING: skipping a char (¬)
WARNING: skipping a char (¢)
WARNING: skipping a char (√)
WARNING: skipping a char (¢)
WARNING: skipping a char (¬)
WARNING: skipping a char (Ä)
WARNING: skipping a char (¬)
WARNING: skipping a char (¢)
WARNING: skipping a char (√)
WARNING: skipping a char (¢)
WARNING: skipping a char (¬)
WARNING: skipping a char (Ä)
WARNING: skipping a char (¬)
WARNING: skipping a char (¢)
WARNING: skipping a char (√)
WARNING: skipping a char (¢)
WARNING: skipping a char (¬)
WARNING: skipping a char (Ä)
WARNING: skipping a char (¬)
WARNING: skipping a char (ô)
WARNING: skipping a char (√)
WARNING: skipping a char (¢)
WARNING: skipping a char (¬)
WARNING: skipping a char (Ä)
WARNING: skipping a char (¬)
WARNING: skipping a char (ú)
WARNING: skipping a char (√)
WARNING: skipping a char (¢)
WARNING: skipping a char (¬)
WARNING: skipping a char (Ä)
WARNING: skipping a char (¬)
WARNING: skipping a char (ù)
WARNING: skipping a char (√)
WARNING: skipping a char (¢)
WARNING: skipping a char (¬)
WARNING: skipping a char (Ä)
WARNING: skipping a char (¬)
WARNING: skipping a char (ì)
WARNING: skipping a char (√)
WARNING: skipping a char (¢)
WARNING: skipping a char (¬)
WARNING: skipping a char (Ä)
WARNING: skipping a char (¬)
WARNING: skipping a char (ô)
WARNING: skipping a char (√)
WARNING: skipping a char (Ç)
WARNING: skipping a char (√)
WARNING: skipping a char (¢)
WARNING: skipping a char (¬)
WARNING: skipping a char (Ä)
WARNING: skipping a char (¬)
WARNING: skipping a char (ô)
WARNING: skipping a char (√)
WARNING: skipping a char (¢)
WARNING: skipping a char (¬)
WARNING: skipping a char (Ä)
WARNING: skipping a char (¬)
WARNING: skipping a char (ô)
WARNING: skipping a char (√)
WARNING: skipping a char (¢)
WARNING: skipping a char (¬)
WARNING: skipping a char (Ä)
WARNING: skipping a char (¬)
WARNING: skipping a char (ô)
WARNING: skipping a char (√)
WARNING: skipping a char (Ç)
WARNING: skipping a char (√)
WARNING: skipping a char (Ç)
WARNING: skipping a char (√)
WARNING: skipping a char (Ç)
WARNING: skipping a char (√)
WARNING: skipping a char (Ç)
WARNING: skipping a char (√)
WARNING: skipping a char (Ç)
WARNING: skipping a char (√)
WARNING: skipping a char (Ç)
WARNING: skipping a char (√)
WARNING: skipping a char (Ç)
WARNING: skipping a char (√)
WARNING: skipping a char (Ç)
WARNING: skipping a char (√)
WARNING: skipping a char (¢)
WARNING: skipping a char (¬)
WARNING: skipping a char (Ä)
WARNING: skipping a char (¬)
WARNING: skipping a char (ô)
WARNING: skipping a char (√)
WARNING: skipping a char (¢)
WARNING: skipping a char (¬)
WARNING: skipping a char (Ä)
WARNING: skipping a char (¬)
WARNING: skipping a char (ú)
WARNING: skipping a char (√)
WARNING: skipping a char (¢)
WARNING: skipping a char (¬)
WARNING: skipping a char (Ä)
WARNING: skipping a char (¬)
WARNING: skipping a char (ô)
WARNING: skipping a char (√)
WARNING: skipping a char (¢)
WARNING: skipping a char (¬)
WARNING: skipping a char (Ä)
WARNING: skipping a char (¬)
WARNING: skipping a char (ô)
WARNING: skipping a char (√)
WARNING: skipping a char (Ç)
WARNING: skipping a char (√)
WARNING: skipping a char (¢)
WARNING: skipping a char (¬)
WARNING: skipping a char (Ä)
WARNING: skipping a char (¬)
WARNING: skipping a char (ô)
WARNING: skipping a char (√)
WARNING: skipping a char (¢)
WARNING: skipping a char (¬)
WARNING: skipping a char (Ä)
WARNING: skipping a char (¬)
WARNING: skipping a char (ô)
WARNING: skipping a char (√)
WARNING: skipping a char (¢)
WARNING: skipping a char (¬)
WARNING: skipping a char (Ä)
WARNING: skipping a char (¬)
WARNING: skipping a char (ô)
WARNING: skipping a char (√)
WARNING: skipping a char (¢)
WARNING: skipping a char (¬)
WARNING: skipping a char (Ä)
WARNING: skipping a char (¬)
WARNING: skipping a char (ô)
WARNING: skipping a char (√)
WARNING: skipping a char (¢)
WARNING: skipping a char (¬)
WARNING: skipping a char (Ä)
WARNING: skipping a char (¬)
WARNING: skipping a char (ô)
WARNING: skipping a char (√)
WARNING: skipping a char (¢)
WARNING: skipping a char (¬)
WARNING: skipping a char (Ä)
WARNING: skipping a char (¬)
WARNING: skipping a char (ô)
WARNING: skipping a char (√)
WARNING: skipping a char (¢)
WARNING: skipping a char (¬)
WARNING: skipping a char (Ä)
WARNING: skipping a char (¬)
WARNING: skipping a char (ô)
WARNING: skipping a char (√)
WARNING: skipping a char (¢)
WARNING: skipping a char (¬)
WARNING: skipping a char (Ä)
WARNING: skipping a char (¬)
WARNING: skipping a char (ô)
WARNING: skipping a char (√)
WARNING: skipping a char (Ç)
WARNING: skipping a char (√)
WARNING: skipping a char (Ç)
WARNING: skipping a char (¬)
WARNING: skipping a char (ß)
WARNING: skipping a char (√)
WARNING: skipping a char (Ç)
WARNING: skipping a char (√)
WARNING: skipping a char (¢)
WARNING: skipping a char (¬)
WARNING: skipping a char (Ä)
WARNING: skipping a char (¬)
WARNING: skipping a char (ô)
WARNING: skipping a char (√)
WARNING: skipping a char (¢)
WARNING: skipping a char (¬)
WARNING: skipping a char (Ä)
WARNING: skipping a char (¬)
WARNING: skipping a char (ô)
WARNING: skipping a char (√)
WARNING: skipping a char (Ç)
WARNING: skipping a char (√)
WARNING: skipping a char (¢)
WARNING: skipping a char (¬)
WARNING: skipping a char (Ä)
WARNING: skipping a char (¬)
WARNING: skipping a char (ô)
WARNING: skipping a char (√)
WARNING: skipping a char (¢)
WARNING: skipping a char (¬)
WARNING: skipping a char (Ä)
WARNING: skipping a char (¬)
WARNING: skipping a char (ô)
WARNING: skipping a char (√)
WARNING: skipping a char (Ç)
WARNING: skipping a char (√)
WARNING: skipping a char (¢)
WARNING: skipping a char (¬)
WARNING: skipping a char (Ä)
WARNING: skipping a char (¬)
WARNING: skipping a char (ì)
WARNING: skipping a char (√)
WARNING: skipping a char (¢)
WARNING: skipping a char (¬)
WARNING: skipping a char (Ä)
WARNING: skipping a char (¬)
WARNING: skipping a char (ì)
WARNING: skipping a char (√)
WARNING: skipping a char (Ç)
WARNING: skipping a char (√)
WARNING: skipping a char (Ç)
WARNING: skipping a char (√)
WARNING: skipping a char (Ç)
WARNING: skipping a char (√)
WARNING: skipping a char (Ç)
WARNING: skipping a char (√)
WARNING: skipping a char (Ç)
WARNING: skipping a char (√)
WARNING: skipping a char (Ç)
WARNING: skipping a char (√)
WARNING: skipping a char (¢)
WARNING: skipping a char (¬)
WARNING: skipping a char (Ä)
WARNING: skipping a char (¬)
WARNING: skipping a char (ì)
WARNING: skipping a char (√)
WARNING: skipping a char (¢)
WARNING: skipping a char (¬)
WARNING: skipping a char (Ä)
WARNING: skipping a char (¬)
WARNING: skipping a char (ô)
WARNING: skipping a char (√)
WARNING: skipping a char (Ç)
WARNING: skipping a char (√)
WARNING: skipping a char (Ç)
WARNING: skipping a char (√)
WARNING: skipping a char (Ç)
WARNING: skipping a char (√)
WARNING: skipping a char (Ç)
WARNING: skipping a char (√)
WARNING: skipping a char (Ç)
WARNING: skipping a char (√)
WARNING: skipping a char (Ç)
WARNING: skipping a char (√)
WARNING: skipping a char (¢)
WARNING: skipping a char (¬)
WARNING: skipping a char (Ä)
WARNING: skipping a char (¬)
WARNING: skipping a char (ô)
WARNING: skipping a char (√)
WARNING: skipping a char (Ç)
WARNING: skipping a char (√)
WARNING: skipping a char (Ç)
WARNING: skipping a char (√)
WARNING: skipping a char (Ç)
WARNING: skipping a char (√)
WARNING: skipping a char (Ç)
WARNING: skipping a char (√)
WARNING: skipping a char (Ç)
WARNING: skipping a char (√)
WARNING: skipping a char (Ç)
WARNING: skipping a char (√)
WARNING: skipping a char (Ç)
WARNING: skipping a char (√)
WARNING: skipping a char (Ç)
WARNING: skipping a char (√)
WARNING: skipping a char (¢)
WARNING: skipping a char (¬)
WARNING: skipping a char (Ä)
WARNING: skipping a char (¬)
WARNING: skipping a char (ô)
WARNING: skipping a char (√)
WARNING: skipping a char (¢)
WARNING: skipping a char (¬)
WARNING: skipping a char (Ä)
WARNING: skipping a char (¬)
WARNING: skipping a char (ô)
WARNING: skipping a char (√)
WARNING: skipping a char (¢)
WARNING: skipping a char (¬)
WARNING: skipping a char (Ä)
WARNING: skipping a char (¬)
WARNING: skipping a char (ô)
WARNING: skipping a char (√)
WARNING: skipping a char (Ç)
WARNING: skipping a char (√)
WARNING: skipping a char (¢)
WARNING: skipping a char (¬)
WARNING: skipping a char (Ä)
WARNING: skipping a char (¬)
WARNING: skipping a char (ô)
WARNING: skipping a char (√)
WARNING: skipping a char (¢)
WARNING: skipping a char (¬)
WARNING: skipping a char (Ä)
WARNING: skipping a char (¬)
WARNING: skipping a char (ô)
WARNING: skipping a char (√)
WARNING: skipping a char (¢)
WARNING: skipping a char (¬)
WARNING: skipping a char (Ä)
WARNING: skipping a char (¬)
WARNING: skipping a char (ô)
WARNING: skipping a char (√)
WARNING: skipping a char (¢)
WARNING: skipping a char (¬)
WARNING: skipping a char (Ä)
WARNING: skipping a char (¬)
WARNING: skipping a char (ô)
WARNING: skipping a char (√)
WARNING: skipping a char (¢)
WARNING: skipping a char (¬)
WARNING: skipping a char (Ä)
WARNING: skipping a char (¬)
WARNING: skipping a char (ô)
WARNING: skipping a char (√)
WARNING: skipping a char (¢)
WARNING: skipping a char (¬)
WARNING: skipping a char (Ä)
WARNING: skipping a char (¬)
WARNING: skipping a char (ô)
WARNING: skipping a char (√)
WARNING: skipping a char (Ç)
WARNING: skipping a char (√)
WARNING: skipping a char (Ç)
WARNING: skipping a char (√)
WARNING: skipping a char (¢)
WARNING: skipping a char (¬)
WARNING: skipping a char (Ä)
WARNING: skipping a char (¬)
WARNING: skipping a char (ô)
WARNING: skipping a char (√)
WARNING: skipping a char (¢)
WARNING: skipping a char (¬)
WARNING: skipping a char (Ä)
WARNING: skipping a char (¬)
WARNING: skipping a char (ô)
WARNING: skipping a char (√)
WARNING: skipping a char (¢)
WARNING: skipping a char (¬)
WARNING: skipping a char (Ä)
WARNING: skipping a char (¬)
WARNING: skipping a char (ô)
WARNING: skipping a char (√)
WARNING: skipping a char (¢)
WARNING: skipping a char (¬)
WARNING: skipping a char (Ä)
WARNING: skipping a char (¬)
WARNING: skipping a char (ô)
[TerminalIPythonApp] WARNING | Subcommand `ipython notebook` is deprecated and will be removed in future versions.
[TerminalIPythonApp] WARNING | You likely want to use `jupyter notebook`... continue in 5 sec. Press Ctrl-C to quit now.
[W 10:30:29.113 NotebookApp] 
            `--script` is deprecated. You can trigger nbconvert via pre- or post-save hooks:
    
                ContentsManager.pre_save_hook
                FileContentsManager.post_save_hook
    
            A post-save hook has been registered that calls:
    
                ipython nbconvert --to script [notebook]
    
            which behaves similarly to `--script`.
            
[I 10:30:29.146 NotebookApp] The port 8888 is already in use, trying another random port.
[I 10:30:29.147 NotebookApp] The port 8889 is already in use, trying another random port.
[I 10:30:29.152 NotebookApp] Serving notebooks from local directory: /home/behnam/relation_extraction/re_behnam
[I 10:30:29.152 NotebookApp] 0 active kernels 
[I 10:30:29.152 NotebookApp] The Jupyter Notebook is running at: http://localhost:8890/
[I 10:30:29.152 NotebookApp] Use Control-C to stop this server and shut down all kernels (twice to skip confirmation).
[W 10:30:29.153 NotebookApp] No web browser found: could not locate runnable browser.
[W 10:31:20.444 NotebookApp] Notebook relEx_parse_tree.ipynb is not trusted
[I 10:31:27.406 NotebookApp] Kernel shutdown: 12f23c5a-2a80-4805-9c8f-ddf5d490a55c
[I 10:31:27.441 NotebookApp] Kernel started: b02cbb30-f5d7-4f28-ac3a-8d9f42db92f3
[I 10:31:29.938 NotebookApp] Kernel shutdown: e0ca87bb-cd52-4271-970e-846159bc8802
[I 10:31:30.038 NotebookApp] Kernel started: 489e29b0-8408-4505-85e8-1b0573ea333d
[I 10:31:31.659 NotebookApp] Kernel shutdown: f9810d69-9106-4dca-b8ab-ef31a735b2eb
[I 10:31:31.761 NotebookApp] Kernel started: 9aaffe8e-48de-4eab-8971-7ffd31a0cd7b
[I 10:33:35.081 NotebookApp] Saving file at /relEx_parse_tree.ipynb
[W 10:33:35.082 NotebookApp] Saving untrusted notebook relEx_parse_tree.ipynb
[I 10:33:36.014 NotebookApp] Saving script /relEx_parse_tree.py
[W 13:43:56.778 NotebookApp] WebSocket ping timeout after 119994 ms.
[W 13:43:57.934 NotebookApp] WebSocket ping timeout after 119995 ms.
[W 13:44:00.550 NotebookApp] WebSocket ping timeout after 119882 ms.
[W 13:44:02.250 NotebookApp] WebSocket ping timeout after 119841 ms.
[I 10:17:46.876 NotebookApp] 302 GET / (::1) 0.51ms
[W 10:17:47.105 NotebookApp] 404 GET /apple-touch-icon-precomposed.png (::1) 8.21ms referer=None
[W 10:17:47.115 NotebookApp] 404 GET /apple-touch-icon.png (::1) 1.12ms referer=None
[W 10:17:52.276 NotebookApp] Notebook relEx_parse_tree.ipynb is not trusted
[I 10:19:54.670 NotebookApp] Saving file at /relEx_parse_tree.ipynb
[W 10:19:54.671 NotebookApp] Saving untrusted notebook relEx_parse_tree.ipynb
[I 10:19:55.622 NotebookApp] Saving script /relEx_parse_tree.py
[W 10:22:53.567 NotebookApp] WebSocket ping timeout after 119955 ms.
[C 10:42:35.310 NotebookApp] received signal 15, stopping
[I 10:42:35.311 NotebookApp] Shutting down kernels
[C 10:42:47.721 NotebookApp] received signal 15, stopping
[I 10:42:47.721 NotebookApp] Shutting down kernels
[C 10:42:54.061 NotebookApp] received signal 15, stopping
[I 10:42:54.061 NotebookApp] Shutting down kernels
[I 10:42:54.464 NotebookApp] Kernel shutdown: 9aaffe8e-48de-4eab-8971-7ffd31a0cd7b
[I 10:42:54.464 NotebookApp] Kernel shutdown: b02cbb30-f5d7-4f28-ac3a-8d9f42db92f3
[I 10:42:54.465 NotebookApp] Kernel shutdown: 489e29b0-8408-4505-85e8-1b0573ea333d
[I 10:42:54.766 NotebookApp] Kernel shutdown: 3cac16dd-287b-4185-a3d4-d3533239b0ac
